TN:
SF:src/app.js
FN:7,(anonymous_0)
FNF:1
FNH:0
FNDA:0,(anonymous_0)
DA:1,1
DA:2,1
DA:3,1
DA:5,1
DA:7,1
DA:8,0
DA:12,1
DA:14,1
LF:8
LH:7
BRF:0
BRH:0
end_of_record
TN:
SF:src/controllers/postController.js
FN:4,(anonymous_0)
FN:16,(anonymous_1)
FN:26,(anonymous_2)
FN:46,(anonymous_3)
FN:62,(anonymous_4)
FN:82,(anonymous_5)
FNF:6
FNH:2
FNDA:1,(anonymous_0)
FNDA:1,(anonymous_1)
FNDA:0,(anonymous_2)
FNDA:0,(anonymous_3)
FNDA:0,(anonymous_4)
FNDA:0,(anonymous_5)
DA:1,1
DA:4,1
DA:5,1
DA:6,1
DA:7,1
DA:9,1
DA:11,0
DA:16,1
DA:17,1
DA:18,1
DA:19,1
DA:21,0
DA:26,1
DA:27,0
DA:28,0
DA:32,0
DA:39,0
DA:41,0
DA:46,1
DA:47,0
DA:49,0
DA:51,0
DA:52,0
DA:55,0
DA:57,0
DA:62,1
DA:63,0
DA:65,0
DA:71,0
DA:72,0
DA:75,0
DA:77,0
DA:82,1
DA:83,0
DA:84,0
DA:86,0
DA:87,0
DA:90,0
DA:92,0
LF:39
LH:14
BRDA:51,0,0,0
BRDA:51,0,1,0
BRDA:71,1,0,0
BRDA:71,1,1,0
BRDA:86,2,0,0
BRDA:86,2,1,0
BRF:6
BRH:0
end_of_record
TN:
SF:src/models/Post.js
FNF:0
FNH:0
DA:1,1
DA:3,1
DA:25,1
LF:3
LH:3
BRF:0
BRH:0
end_of_record
TN:
SF:src/routes/postRoutes.js
FNF:0
FNH:0
DA:1,1
DA:2,1
DA:3,1
DA:5,1
DA:6,1
DA:9,1
DA:11,1
DA:12,1
DA:13,1
DA:15,1
LF:10
LH:10
BRF:0
BRH:0
end_of_record
